09:55:18.970 [main] INFO  keywords.CommonActionKeywords - *******************************************************************************************************
09:55:18.984 [main] INFO  keywords.CommonActionKeywords - *********************** Default suite Execution Started **********************
09:55:19.004 [main] INFO  keywords.CommonActionKeywords - Wed May 24 09:55:17 IST 2023
09:55:19.005 [main] INFO  keywords.CommonActionKeywords - *******************************************************************************************************
09:55:19.009 [main] INFO  demoWebShop.Base - getTestDataProperties-->Loading property: USER_EMAIL from testdata.properties
09:55:19.011 [main] INFO  demoWebShop.Base - getTestDataProperties-->Loading property: USER_PASSWORD from testdata.properties
09:55:19.013 [main] INFO  demoWebShop.Base - getEnvProperties-->loading property: Browser from environment.properties
09:55:19.014 [main] INFO  demoWebShop.Base - getEnvProperties-->loading property: URL_IN_USE from environment.properties
09:55:19.016 [main] INFO  demoWebShop.Base - getEnvProperties-->loading property: Implicit_Wait_Time from environment.properties
09:55:19.018 [main] INFO  demoWebShop.Base - getEnvProperties-->loading property: Explicit_Wait_Time from environment.properties
09:55:19.020 [main] INFO  demoWebShop.Base - getEnvProperties-->loading property: userName from environment.properties
09:55:19.022 [main] INFO  demoWebShop.Base - getEnvProperties-->loading property: passWord from environment.properties
09:55:19.024 [main] INFO  demoWebShop.Base - getEnvProperties-->loading property: emailId from environment.properties
09:55:19.026 [main] INFO  demoWebShop.Base - getEnvProperties-->loading property: URL_IN_USE from environment.properties
09:55:19.028 [main] INFO  demoWebShop.Base - getEnvProperties-->loading property: App_Direct_URL from environment.properties
09:55:19.029 [main] INFO  demoWebShop.Base - getProperties-->loading property: Screenshot_Archive_Days from environment.properties
09:55:19.031 [main] INFO  demoWebShop.Base - getProperties-->loading property: Screenshot_Location from environment.properties
09:55:19.109 [main] INFO  demoWebShop.Base - getProperties-->loading property: TestData_Folder from environment.properties
09:55:20.053 [main] INFO  dataengine.TestDataProvider - *****************************************************************************************************
09:55:20.054 [main] INFO  dataengine.TestDataProvider - Test Execution Skipped. Test Data does not exist or mismatches for the test case: registerPageTest
09:55:20.054 [main] INFO  dataengine.TestDataProvider - *****************************************************************************************************
09:55:20.092 [main] INFO  keywords.CommonActionKeywords - Test Cases Passed: [ResultMap map=[]]
09:55:20.093 [main] INFO  keywords.CommonActionKeywords - Test Cases Failed: [ResultMap map=[]]
09:55:20.093 [main] INFO  keywords.CommonActionKeywords - *****************************************************************************************************
09:55:20.095 [main] INFO  keywords.CommonActionKeywords - Test Case execution report available at: null
09:55:20.096 [main] INFO  keywords.CommonActionKeywords - Execution completed: 2023-05-24T09:55:20.063+0530
09:55:20.097 [main] INFO  keywords.CommonActionKeywords - *****************************************************************************************************
09:55:20.098 [main] INFO  demoWebShop.Base - getProperties-->loading property: TestReport_Folder from environment.properties
